[debug] [2024-12-10T22:36:11.797Z] ----------------------------------------------------------------------
[debug] [2024-12-10T22:36:11.801Z] Command:       C:\Program Files\nodejs\node.exe C:\Users\anims\AppData\Roaming\npm\node_modules\firebase-tools\lib\bin\firebase.js init
[debug] [2024-12-10T22:36:11.801Z] CLI Version:   13.28.0
[debug] [2024-12-10T22:36:11.802Z] Platform:      win32
[debug] [2024-12-10T22:36:11.802Z] Node Version:  v22.11.0
[debug] [2024-12-10T22:36:11.802Z] Time:          Wed Dec 11 2024 04:06:11 GMT+0530 (India Standard Time)
[debug] [2024-12-10T22:36:11.802Z] ----------------------------------------------------------------------
[debug] 
[debug] [2024-12-10T22:36:11.812Z] > command requires scopes: ["email","openid","https://www.googleapis.com/auth/cloudplatformprojects.readonly","https://www.googleapis.com/auth/firebase","https://www.googleapis.com/auth/cloud-platform"]
[debug] [2024-12-10T22:36:11.813Z] > authorizing via signed-in user (animsara04@gmail.com)
[info] 
     ######## #### ########  ######## ########     ###     ######  ########
     ##        ##  ##     ## ##       ##     ##  ##   ##  ##       ##
     ######    ##  ########  ######   ########  #########  ######  ######
     ##        ##  ##    ##  ##       ##     ## ##     ##       ## ##
     ##       #### ##     ## ######## ########  ##     ##  ######  ########

You're about to initialize a Firebase project in this directory:

  E:\testing\paddy-distribution-system

[info] 
=== Project Setup
[info] 
[info] First, let's associate this project directory with a Firebase project.
[info] You can create multiple project aliases by running firebase use --add, 
[info] but for now we'll just set up a default project.
[info] 
[info] i  If you want to create a project in a Google Cloud organization or folder, please use "firebase projects:create" instead, and return to this command when you've created the project. 
[debug] [2024-12-10T22:37:00.983Z] Checked if tokens are valid: true, expires at: 1733873255882
[debug] [2024-12-10T22:37:00.984Z] Checked if tokens are valid: true, expires at: 1733873255882
[debug] [2024-12-10T22:37:00.986Z] >>> [apiv2][query] POST https://cloudresourcemanager.googleapis.com/v1/projects [none]
[debug] [2024-12-10T22:37:00.986Z] >>> [apiv2][body] POST https://cloudresourcemanager.googleapis.com/v1/projects {"projectId":"paddy-distributing","name":"paddy-distributing"}
[debug] [2024-12-10T22:37:02.421Z] <<< [apiv2][status] POST https://cloudresourcemanager.googleapis.com/v1/projects 409
[debug] [2024-12-10T22:37:02.421Z] <<< [apiv2][body] POST https://cloudresourcemanager.googleapis.com/v1/projects {"error":{"code":409,"message":"Requested entity already exists","status":"ALREADY_EXISTS"}}
[debug] [2024-12-10T22:37:02.751Z] FirebaseError: Request to https://cloudresourcemanager.googleapis.com/v1/projects had HTTP Error: 409, Requested entity already exists
    at responseToError (C:\Users\anims\AppData\Roaming\npm\node_modules\firebase-tools\lib\responseToError.js:52:12)
    at RetryOperation._fn (C:\Users\anims\AppData\Roaming\npm\node_modules\firebase-tools\lib\apiv2.js:312:77)
    at process.processTicksAndRejections (node:internal/process/task_queues:105:5)
[error] 
[error] Error: Failed to create project because there is already a project with ID paddy-distributing. Please try again with a unique project ID.
[debug] [2024-12-10T22:37:18.298Z] ----------------------------------------------------------------------
[debug] [2024-12-10T22:37:18.302Z] Command:       C:\Program Files\nodejs\node.exe C:\Users\anims\AppData\Roaming\npm\node_modules\firebase-tools\lib\bin\firebase.js init
[debug] [2024-12-10T22:37:18.302Z] CLI Version:   13.28.0
[debug] [2024-12-10T22:37:18.302Z] Platform:      win32
[debug] [2024-12-10T22:37:18.302Z] Node Version:  v22.11.0
[debug] [2024-12-10T22:37:18.303Z] Time:          Wed Dec 11 2024 04:07:18 GMT+0530 (India Standard Time)
[debug] [2024-12-10T22:37:18.303Z] ----------------------------------------------------------------------
[debug] 
[debug] [2024-12-10T22:37:18.313Z] > command requires scopes: ["email","openid","https://www.googleapis.com/auth/cloudplatformprojects.readonly","https://www.googleapis.com/auth/firebase","https://www.googleapis.com/auth/cloud-platform"]
[debug] [2024-12-10T22:37:18.313Z] > authorizing via signed-in user (animsara04@gmail.com)
[info] 
     ######## #### ########  ######## ########     ###     ######  ########
     ##        ##  ##     ## ##       ##     ##  ##   ##  ##       ##
     ######    ##  ########  ######   ########  #########  ######  ######
     ##        ##  ##    ##  ##       ##     ## ##     ##       ## ##
     ##       #### ##     ## ######## ########  ##     ##  ######  ########

You're about to initialize a Firebase project in this directory:

  E:\testing\paddy-distribution-system

[info] 
=== Project Setup
[info] 
[info] First, let's associate this project directory with a Firebase project.
[info] You can create multiple project aliases by running firebase use --add, 
[info] but for now we'll just set up a default project.
[info] 
[debug] [2024-12-10T22:37:26.221Z] Checked if tokens are valid: true, expires at: 1733873255882
[debug] [2024-12-10T22:37:26.221Z] Checked if tokens are valid: true, expires at: 1733873255882
[debug] [2024-12-10T22:37:26.223Z] >>> [apiv2][query] GET https://firebase.googleapis.com/v1beta1/projects pageSize=100
[debug] [2024-12-10T22:37:27.495Z] <<< [apiv2][status] GET https://firebase.googleapis.com/v1beta1/projects 200
[debug] [2024-12-10T22:37:27.495Z] <<< [apiv2][body] GET https://firebase.googleapis.com/v1beta1/projects [omitted]
[info] i  Using project paddy-distributing (paddy distributing ) 
[info] 
=== Hosting Setup
[debug] [2024-12-10T22:37:29.884Z] Checked if tokens are valid: true, expires at: 1733873255882
[debug] [2024-12-10T22:37:29.884Z] Checked if tokens are valid: true, expires at: 1733873255882
[debug] [2024-12-10T22:37:29.885Z] >>> [apiv2][query] GET https://firebase.googleapis.com/v1beta1/projects/paddy-distributing [none]
[debug] [2024-12-10T22:37:30.474Z] <<< [apiv2][status] GET https://firebase.googleapis.com/v1beta1/projects/paddy-distributing 200
[debug] [2024-12-10T22:37:30.474Z] <<< [apiv2][body] GET https://firebase.googleapis.com/v1beta1/projects/paddy-distributing {"projectId":"paddy-distributing","projectNumber":"824556318471","displayName":"paddy distributing ","name":"projects/paddy-distributing","resources":{"hostingSite":"paddy-distributing"},"state":"ACTIVE","etag":"1_d0705d96-ae13-4d2e-bbf8-1e5f10503312"}
[info] 
[info] Your public directory is the folder (relative to your project directory) that
[info] will contain Hosting assets to be uploaded with firebase deploy. If you
[info] have a build process for your assets, use your build's output directory.
[info] 
[debug] [2024-12-10T22:39:26.076Z] >>> [apiv2][query] GET https://www.gstatic.com/firebasejs/releases.json [none]
[debug] [2024-12-10T22:39:26.364Z] <<< [apiv2][status] GET https://www.gstatic.com/firebasejs/releases.json 200
[debug] [2024-12-10T22:39:26.364Z] <<< [apiv2][body] GET https://www.gstatic.com/firebasejs/releases.json {"current":{"version":"11.0.2","browserURL":"https://www.gstatic.com/firebasejs/11.0.2/firebase.js","packageURL":"https://www.gstatic.com/firebasejs/11.0.2/firebase.tgz"},"live":{"version":"11.0","browserURL":"https://www.gstatic.com/firebasejs/live/11.0/firebase.js","packageURL":"https://www.gstatic.com/firebasejs/live/11.0/firebase.tgz"},"components":{"analytics":"https://www.gstatic.com/firebasejs/11.0.2/firebase-analytics.js","app":"https://www.gstatic.com/firebasejs/11.0.2/firebase-app.js","app-check":"https://www.gstatic.com/firebasejs/11.0.2/firebase-app-check.js","auth":"https://www.gstatic.com/firebasejs/11.0.2/firebase-auth.js","auth/cordova":"https://www.gstatic.com/firebasejs/11.0.2/firebase-auth/cordova.js","auth/web-extension":"https://www.gstatic.com/firebasejs/11.0.2/firebase-auth/web-extension.js","functions":"https://www.gstatic.com/firebasejs/11.0.2/firebase-functions.js","firestore":"https://www.gstatic.com/firebasejs/11.0.2/firebase-firestore.js","firestore/lite":"https://www.gstatic.com/firebasejs/11.0.2/firebase-firestore/lite.js","installations":"https://www.gstatic.com/firebasejs/11.0.2/firebase-installations.js","storage":"https://www.gstatic.com/firebasejs/11.0.2/firebase-storage.js","performance":"https://www.gstatic.com/firebasejs/11.0.2/firebase-performance.js","remote-config":"https://www.gstatic.com/firebasejs/11.0.2/firebase-remote-config.js","messaging":"https://www.gstatic.com/firebasejs/11.0.2/firebase-messaging.js","messaging/sw":"https://www.gstatic.com/firebasejs/11.0.2/firebase-messaging/sw.js","database":"https://www.gstatic.com/firebasejs/11.0.2/firebase-database.js","vertexai":"https://www.gstatic.com/firebasejs/11.0.2/firebase-vertexai.js","data-connect":"https://www.gstatic.com/firebasejs/11.0.2/firebase-data-connect.js","firestore.memory":"https://www.gstatic.com/firebasejs/11.0.2/firebase-firestore.memory.js"}}
[info] +  Wrote public/index.html 
[info] 
[info] i  Didn't detect a .git folder. Assuming E:\testing\paddy-distribution-system is the project root. 
[info] i  Authorizing with GitHub to upload your service account to a GitHub repository's secrets store. 
[info] 
[info] Visit this URL on this device to log in:
[info] https://github.com/login/oauth/authorize?client_id=89cf50f02ac6aaed3484&state=77650082&redirect_uri=http%3A%2F%2Flocalhost%3A9005&scope=read%3Auser%20repo%20public_repo
[info] 
[info] Waiting for authentication...
[debug] [2024-12-10T22:39:45.145Z] >>> [apiv2][query] POST https://github.com/login/oauth/access_token [none]
[debug] [2024-12-10T22:39:45.145Z] >>> [apiv2][body] POST https://github.com/login/oauth/access_token [stream]
[debug] [2024-12-10T22:39:45.753Z] <<< [apiv2][status] POST https://github.com/login/oauth/access_token 200
[debug] [2024-12-10T22:39:45.753Z] <<< [apiv2][body] POST https://github.com/login/oauth/access_token {"access_token":"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","token_type":"bearer","scope":"read:user,repo"}
[debug] [2024-12-10T22:39:45.761Z] >>> [apiv2][query] GET https://api.github.com/user [none]
[debug] [2024-12-10T22:39:46.449Z] <<< [apiv2][status] GET https://api.github.com/user 200
[debug] [2024-12-10T22:39:46.449Z] <<< [apiv2][body] GET https://api.github.com/user {"login":"Nimsara143","id":121633175,"node_id":"U_kgDOBz_5lw","avatar_url":"https://avatars.githubusercontent.com/u/121633175?v=4","gravatar_id":"","url":"https://api.github.com/users/Nimsara143","html_url":"https://github.com/Nimsara143","followers_url":"https://api.github.com/users/Nimsara143/followers","following_url":"https://api.github.com/users/Nimsara143/following{/other_user}","gists_url":"https://api.github.com/users/Nimsara143/gists{/gist_id}","starred_url":"https://api.github.com/users/Nimsara143/starred{/owner}{/repo}","subscriptions_url":"https://api.github.com/users/Nimsara143/subscriptions","organizations_url":"https://api.github.com/users/Nimsara143/orgs","repos_url":"https://api.github.com/users/Nimsara143/repos","events_url":"https://api.github.com/users/Nimsara143/events{/privacy}","received_events_url":"https://api.github.com/users/Nimsara143/received_events","type":"User","user_view_type":"private","site_admin":false,"name":null,"company":null,"blog":"","location":null,"email":null,"hireable":null,"bio":null,"twitter_username":null,"notification_email":null,"public_repos":5,"public_gists":0,"followers":1,"following":2,"created_at":"2022-12-29T17:21:16Z","updated_at":"2024-04-12T13:55:15Z","private_gists":0,"total_private_repos":0,"owned_private_repos":0,"disk_usage":2453,"collaborators":0,"two_factor_authentication":false,"plan":{"name":"free","space":976562499,"collaborators":0,"private_repos":10000}}
[info] 
[info] +  Success! Logged into GitHub as Nimsara143 
[info] 
[debug] [2024-12-10T22:39:54.602Z] >>> [apiv2][query] GET https://api.github.com/repos//actions/secrets/public-key type=owner
[debug] [2024-12-10T22:39:55.121Z] <<< [apiv2][status] GET https://api.github.com/repos//actions/secrets/public-key 404
[debug] [2024-12-10T22:39:55.121Z] <<< [apiv2][body] GET https://api.github.com/repos//actions/secrets/public-key {"message":"Not Found","documentation_url":"https://docs.github.com/rest","status":"404"}
[info] 
[info] 
[error] !  The provided authorization cannot be used with this repository. If this repository is in an organization, did you remember to grant access? 
[info] 
[info] i  Action required: Visit this URL to ensure access has been granted to the appropriate organization(s) for the Firebase CLI GitHub OAuth App: 
[info] https://github.com/settings/connections/applications/89cf50f02ac6aaed3484
[info] 
[debug] [2024-12-10T22:39:57.149Z] >>> [apiv2][query] GET https://api.github.com/repos//actions/secrets/public-key type=owner
[debug] [2024-12-10T22:39:57.509Z] <<< [apiv2][status] GET https://api.github.com/repos//actions/secrets/public-key 404
[debug] [2024-12-10T22:39:57.509Z] <<< [apiv2][body] GET https://api.github.com/repos//actions/secrets/public-key {"message":"Not Found","documentation_url":"https://docs.github.com/rest","status":"404"}
[info] 
[info] 
[error] !  The provided authorization cannot be used with this repository. If this repository is in an organization, did you remember to grant access? 
[info] 
[info] i  Action required: Visit this URL to ensure access has been granted to the appropriate organization(s) for the Firebase CLI GitHub OAuth App: 
[info] https://github.com/settings/connections/applications/89cf50f02ac6aaed3484
[info] 
[debug] [2024-12-10T22:40:19.776Z] >>> [apiv2][query] GET https://api.github.com/repos//actions/secrets/public-key type=owner
[debug] [2024-12-10T22:40:20.408Z] <<< [apiv2][status] GET https://api.github.com/repos//actions/secrets/public-key 404
[debug] [2024-12-10T22:40:20.408Z] <<< [apiv2][body] GET https://api.github.com/repos//actions/secrets/public-key {"message":"Not Found","documentation_url":"https://docs.github.com/rest","status":"404"}
[info] 
[info] 
[error] !  The provided authorization cannot be used with this repository. If this repository is in an organization, did you remember to grant access? 
[info] 
[info] i  Action required: Visit this URL to ensure access has been granted to the appropriate organization(s) for the Firebase CLI GitHub OAuth App: 
[info] https://github.com/settings/connections/applications/89cf50f02ac6aaed3484
[info] 
[debug] [2024-12-10T22:40:23.556Z] >>> [apiv2][query] GET https://api.github.com/repos//actions/secrets/public-key type=owner
[debug] [2024-12-10T22:40:23.940Z] <<< [apiv2][status] GET https://api.github.com/repos//actions/secrets/public-key 404
[debug] [2024-12-10T22:40:23.940Z] <<< [apiv2][body] GET https://api.github.com/repos//actions/secrets/public-key {"message":"Not Found","documentation_url":"https://docs.github.com/rest","status":"404"}
[info] 
[info] 
[error] !  The provided authorization cannot be used with this repository. If this repository is in an organization, did you remember to grant access? 
[info] 
[info] i  Action required: Visit this URL to ensure access has been granted to the appropriate organization(s) for the Firebase CLI GitHub OAuth App: 
[info] https://github.com/settings/connections/applications/89cf50f02ac6aaed3484
[info] 
[debug] [2024-12-10T22:40:24.775Z] >>> [apiv2][query] GET https://api.github.com/repos//actions/secrets/public-key type=owner
[debug] [2024-12-10T22:40:25.119Z] <<< [apiv2][status] GET https://api.github.com/repos//actions/secrets/public-key 404
[debug] [2024-12-10T22:40:25.119Z] <<< [apiv2][body] GET https://api.github.com/repos//actions/secrets/public-key {"message":"Not Found","documentation_url":"https://docs.github.com/rest","status":"404"}
[info] 
[info] 
[error] !  The provided authorization cannot be used with this repository. If this repository is in an organization, did you remember to grant access? 
[info] 
[info] i  Action required: Visit this URL to ensure access has been granted to the appropriate organization(s) for the Firebase CLI GitHub OAuth App: 
[info] https://github.com/settings/connections/applications/89cf50f02ac6aaed3484
[info] 
[debug] [2024-12-10T22:40:25.645Z] >>> [apiv2][query] GET https://api.github.com/repos//actions/secrets/public-key type=owner
[debug] [2024-12-10T22:40:25.999Z] <<< [apiv2][status] GET https://api.github.com/repos//actions/secrets/public-key 404
[debug] [2024-12-10T22:40:25.999Z] <<< [apiv2][body] GET https://api.github.com/repos//actions/secrets/public-key {"message":"Not Found","documentation_url":"https://docs.github.com/rest","status":"404"}
[info] 
[info] 
[error] !  The provided authorization cannot be used with this repository. If this repository is in an organization, did you remember to grant access? 
[info] 
[info] i  Action required: Visit this URL to ensure access has been granted to the appropriate organization(s) for the Firebase CLI GitHub OAuth App: 
[info] https://github.com/settings/connections/applications/89cf50f02ac6aaed3484
[info] 
[debug] [2024-12-10T22:40:27.587Z] >>> [apiv2][query] GET https://api.github.com/repos/y/actions/secrets/public-key type=owner
[debug] [2024-12-10T22:40:27.965Z] <<< [apiv2][status] GET https://api.github.com/repos/y/actions/secrets/public-key 404
[debug] [2024-12-10T22:40:27.965Z] <<< [apiv2][body] GET https://api.github.com/repos/y/actions/secrets/public-key {"message":"Not Found","documentation_url":"https://docs.github.com/rest","status":"404"}
[info] 
[info] 
[error] !  The provided authorization cannot be used with this repository. If this repository is in an organization, did you remember to grant access? 
[info] 
[info] i  Action required: Visit this URL to ensure access has been granted to the appropriate organization(s) for the Firebase CLI GitHub OAuth App: 
[info] https://github.com/settings/connections/applications/89cf50f02ac6aaed3484
[info] 
[debug] [2024-12-10T22:40:45.158Z] >>> [apiv2][query] GET https://api.github.com/repos/y/actions/secrets/public-key type=owner
[debug] [2024-12-10T22:40:45.711Z] <<< [apiv2][status] GET https://api.github.com/repos/y/actions/secrets/public-key 404
[debug] [2024-12-10T22:40:45.712Z] <<< [apiv2][body] GET https://api.github.com/repos/y/actions/secrets/public-key {"message":"Not Found","documentation_url":"https://docs.github.com/rest","status":"404"}
[info] 
[info] 
[error] !  The provided authorization cannot be used with this repository. If this repository is in an organization, did you remember to grant access? 
[info] 
[info] i  Action required: Visit this URL to ensure access has been granted to the appropriate organization(s) for the Firebase CLI GitHub OAuth App: 
[info] https://github.com/settings/connections/applications/89cf50f02ac6aaed3484
[info] 
[debug] [2024-12-10T22:57:15.350Z] >>> [apiv2][query] GET https://api.github.com/repos/y/actions/secrets/public-key type=owner
[debug] [2024-12-10T22:57:15.913Z] <<< [apiv2][status] GET https://api.github.com/repos/y/actions/secrets/public-key 401
[debug] [2024-12-10T22:57:15.913Z] <<< [apiv2][body] GET https://api.github.com/repos/y/actions/secrets/public-key {"message":"Bad credentials","documentation_url":"https://docs.github.com/rest","status":"401"}
[debug] [2024-12-10T22:57:19.367Z] >>> [apiv2][query] GET https://api.github.com/repos/ys/actions/secrets/public-key type=owner
[debug] [2024-12-10T22:57:19.714Z] <<< [apiv2][status] GET https://api.github.com/repos/ys/actions/secrets/public-key 401
[debug] [2024-12-10T22:57:19.714Z] <<< [apiv2][body] GET https://api.github.com/repos/ys/actions/secrets/public-key {"message":"Bad credentials","documentation_url":"https://docs.github.com/rest","status":"401"}
[debug] [2024-12-10T22:57:23.720Z] >>> [apiv2][query] GET https://api.github.com/repos/  /actions/secrets/public-key type=owner
[debug] [2024-12-10T22:57:24.072Z] <<< [apiv2][status] GET https://api.github.com/repos/  /actions/secrets/public-key 401
[debug] [2024-12-10T22:57:24.072Z] <<< [apiv2][body] GET https://api.github.com/repos/  /actions/secrets/public-key {"message":"Bad credentials","documentation_url":"https://docs.github.com/rest","status":"401"}
[debug] [2024-12-10T22:57:28.400Z] >>> [apiv2][query] GET https://api.github.com/repos/q/actions/secrets/public-key type=owner
[debug] [2024-12-10T22:57:28.774Z] <<< [apiv2][status] GET https://api.github.com/repos/q/actions/secrets/public-key 401
[debug] [2024-12-10T22:57:28.774Z] <<< [apiv2][body] GET https://api.github.com/repos/q/actions/secrets/public-key {"message":"Bad credentials","documentation_url":"https://docs.github.com/rest","status":"401"}
